{"name":"TC001 - Check third search result text","status":"failed","statusDetails":{"known":false,"muted":false,"flaky":false,"message":"AssertEquals FAILED; Expected [What is Selenium WebDriver?] and Actual [The Selenium Browser Automation Project :: Documentation ...]. Comparison Type [CONTAINS]. Validation Type [POSITIVE].","trace":"java.lang.AssertionError: AssertEquals FAILED; Expected [What is Selenium WebDriver?] and Actual [The Selenium Browser Automation Project :: Documentation ...]. Comparison Type [CONTAINS]. Validation Type [POSITIVE].\r\n\tat org.testng.Assert.fail(Assert.java:97)\r\n\tat com.shaft.validation.ValidationActions.reportValidationState(ValidationActions.java:183)\r\n\tat com.shaft.validation.ValidationActions.fail(ValidationActions.java:79)\r\n\tat com.shaft.validation.ValidationActions.validateEquals(ValidationActions.java:235)\r\n\tat com.shaft.validation.Assertions.assertEquals(Assertions.java:56)\r\n\tat tests.gui.task.TestSearchResults.seaerchForQueryAndAssertThirdResultText(TestSearchResults.java:47)\r\n\tat java.base/jdk.internal.reflect.NativeMethodAccessorImpl.invoke0(Native Method)\r\n\tat java.base/jdk.internal.reflect.NativeMethodAccessorImpl.invoke(NativeMethodAccessorImpl.java:62)\r\n\tat java.base/jdk.internal.reflect.DelegatingMethodAccessorImpl.invoke(DelegatingMethodAccessorImpl.java:43)\r\n\tat java.base/java.lang.reflect.Method.invoke(Method.java:567)\r\n\tat org.testng.internal.MethodInvocationHelper.invokeMethod(MethodInvocationHelper.java:134)\r\n\tat org.testng.internal.TestInvoker.invokeMethod(TestInvoker.java:597)\r\n\tat org.testng.internal.TestInvoker.invokeTestMethod(TestInvoker.java:173)\r\n\tat org.testng.internal.MethodRunner.runInSequence(MethodRunner.java:46)\r\n\tat org.testng.internal.TestInvoker$MethodInvocationAgent.invoke(TestInvoker.java:816)\r\n\tat org.testng.internal.TestInvoker.invokeTestMethods(TestInvoker.java:146)\r\n\tat org.testng.internal.TestMethodWorker.invokeTestMethods(TestMethodWorker.java:146)\r\n\tat org.testng.internal.TestMethodWorker.run(TestMethodWorker.java:128)\r\n\tat java.base/java.util.ArrayList.forEach(ArrayList.java:1507)\r\n\tat org.testng.TestRunner.privateRun(TestRunner.java:766)\r\n\tat org.testng.TestRunner.run(TestRunner.java:587)\r\n\tat org.testng.SuiteRunner.runTest(SuiteRunner.java:384)\r\n\tat org.testng.SuiteRunner.runSequentially(SuiteRunner.java:378)\r\n\tat org.testng.SuiteRunner.privateRun(SuiteRunner.java:337)\r\n\tat org.testng.SuiteRunner.run(SuiteRunner.java:286)\r\n\tat org.testng.SuiteRunnerWorker.runSuite(SuiteRunnerWorker.java:53)\r\n\tat org.testng.SuiteRunnerWorker.run(SuiteRunnerWorker.java:96)\r\n\tat org.testng.TestNG.runSuitesSequentially(TestNG.java:1187)\r\n\tat org.testng.TestNG.runSuitesLocally(TestNG.java:1109)\r\n\tat org.testng.TestNG.runSuites(TestNG.java:1039)\r\n\tat org.testng.TestNG.run(TestNG.java:1007)\r\n\tat org.testng.remote.AbstractRemoteTestNG.run(AbstractRemoteTestNG.java:115)\r\n\tat org.testng.remote.RemoteTestNG.initAndRun(RemoteTestNG.java:251)\r\n\tat org.testng.remote.RemoteTestNG.main(RemoteTestNG.java:77)\r\n"},"stage":"finished","description":"Check that third search result have the correct text","steps":[{"name":"Action [9]: Element Action [type] successfully performed. With the following test data [selenium webdriver].","status":"passed","stage":"finished","steps":[],"attachments":[],"parameters":[{"name":"logText","value":"Element Action [type] successfully performed. With the following test data [selenium webdriver]."},{"name":"actionCounter","value":"9"}],"start":1590208239321,"stop":1590208239321},{"name":"Action [10]: Element Action [keyPress] successfully performed. With the following test data [ENTER].","status":"passed","stage":"finished","steps":[],"attachments":[],"parameters":[{"name":"logText","value":"Element Action [keyPress] successfully performed. With the following test data [ENTER]."},{"name":"actionCounter","value":"10"}],"start":1590208245321,"stop":1590208245321},{"name":"Action [11]: Element Action [getText] successfully performed. With the following test data [The Selenium Browser Automation Project :: Documentation ...].","status":"passed","stage":"finished","steps":[],"attachments":[],"parameters":[{"name":"logText","value":"Element Action [getText] successfully performed. With the following test data [The Selenium Browser Automation Project :: Documentation ...]."},{"name":"actionCounter","value":"11"}],"start":1590208246205,"stop":1590208246205},{"name":"Action [12]: AssertEquals FAILED; Expected [What is Selenium WebDriver?] and Actual [The Selenium Browser Automation Project :: Documentation ...]. Comparison Type [CONTAINS]. Validation Type [POSITIVE].","status":"passed","stage":"finished","steps":[],"attachments":[],"parameters":[{"name":"logText","value":"AssertEquals FAILED; Expected [What is Selenium WebDriver?] and Actual [The Selenium Browser Automation Project :: Documentation ...]. Comparison Type [CONTAINS]. Validation Type [POSITIVE]."},{"name":"actionCounter","value":"12"}],"start":1590208246208,"stop":1590208246208}],"attachments":[{"name":"Attachment: Animated Gif - seaerchForQueryAndAssertThirdResultText","source":"9c0f204a-bc4a-4e86-9c16-2d3a6466f875-attachment.gif","type":"image/gif"},{"name":"Attachment: SHAFT Engine Logs - Current Method log: seaerchForQueryAndAssertThirdResultText","source":"a5f4a270-a139-4126-b276-69e45952fa87-attachment.txt","type":"text/plain"}],"parameters":[],"start":1590208237138,"stop":1590208246225,"uuid":"8e048443-8819-4cdd-ba22-6617b37365a9","historyId":"37badce60b98d0b59c7f101ec1cd4930","fullName":"tests.gui.task.TestSearchResults.seaerchForQueryAndAssertThirdResultText","labels":[{"name":"package","value":"tests.gui.task.TestSearchResults"},{"name":"testClass","value":"tests.gui.task.TestSearchResults"},{"name":"testMethod","value":"seaerchForQueryAndAssertThirdResultText"},{"name":"parentSuite","value":"SHAFT_Engine: Sample Test Suite"},{"name":"suite","value":"SHAFT_Engine: GUI Test"},{"name":"subSuite","value":"tests.gui.task.TestSearchResults"},{"name":"host","value":"Mamdouh-PC"},{"name":"thread","value":"11600@Mamdouh-PC.main(1)"},{"name":"framework","value":"testng"},{"name":"language","value":"java"},{"name":"story","value":"Given I am on Google home page When type search keywords and press search Then I can see suggested search list with the right length according to business that fetched from database correctlyand page loads and redirect to search results page with the matching results that matched from the database"},{"name":"severity","value":"normal"}],"links":[]}