################################################################################################################################################
Detected SHAFT Engine Version: [SHAFT Engine v5.3.20210519]
################################################################################################################################################

################################################################################################################################################
Starting Execution:	[1 out of 5] test cases in the current suite
Test Method:		[tests.api.task.CatFact.testCatFactResponse]
Test Description:	[TC001 - Check text is not empty ]
################################################################################################################################################
[ReportManager] Response status code: [503], status line: [HTTP/1.1 503 Service Unavailable] @16-08-2021 06:24:01.0710 AM
[ReportManager] Assertion Failed: Evaluating the actual response status code against the expected one... @16-08-2021 06:24:01.0725 AM
[ReportManager] Assertion [ValidateEquals] FAILED. Expected [200] and Actual [503]. Comparison Type [EQUALS]. Validation Type [POSITIVE]. @16-08-2021 06:24:01.0731 AM
[ReportManager] API Action [PerformRequest] failed. With the following test data [Request Type: "GET" | Target Status Code: "200" | Service URL: "https://cat-fact.herokuapp.com/facts/random?amount=1" | Content Type: "*/*" | Response Time: "55912ms"]. @16-08-2021 06:24:01.0873 AM
[ReportManager] Successfully created attachment [API Response - Body] @16-08-2021 06:24:01.0880 A

################################################################################################################################################
Starting Execution:	[2 out of 5] test cases in the current suite
Test Method:		[tests.api.task.CatFact.testCatFactResponse1]
Test Description:	[TC001 - Check text is not empty ]
################################################################################################################################################
[ReportManager] Response status code: [503], status line: [HTTP/1.1 503 Service Unavailable] @16-08-2021 06:24:57.0154 AM
[ReportManager] Assertion Failed: Evaluating the actual response status code against the expected one... @16-08-2021 06:24:57.0155 AM
[ReportManager] Assertion [ValidateEquals] FAILED. Expected [200] and Actual [503]. Comparison Type [EQUALS]. Validation Type [POSITIVE]. @16-08-2021 06:24:57.0155 AM
[ReportManager] API Action [PerformRequest] failed. With the following test data [Request Type: "GET" | Target Status Code: "200" | Service URL: "https://cat-fact.herokuapp.com/facts?animal_type=cat,horse" | Content Type: "*/*" | Response Time: "55121ms"]. @16-08-2021 06:24:57.0159 AM
[ReportManager] Successfully created attachment [API Response - Body] @16-08-2021 06:24:57.0159 A
[ReportManager] Successfully loaded the following test data file [src/test/resources/TestDataFiles/TestData.xlsx]. @16-08-2021 06:24:58.0241 AM
[ReportManager] Successfully created attachment [Test Data - Excel] @16-08-2021 06:24:58.0241 A
[ReportManager] File Action [GetAbsolutePath] successfully performed. With the following test data [Relative Folder Path: "target/downloadedFiles/"]. @16-08-2021 06:24:58.0250 AM
[ReportManager] Attempting to run remotely on: [Linux-64], [GoogleChrome], [http://localhost:4444/wd/hub], Headless Execution. @16-08-2021 06:24:58.0276 AM
[ReportManager] Successfully Opened [GoogleChrome]. @16-08-2021 06:24:59.0750 AM
[ReportManager] Target URL: [https://the-internet.herokuapp.com/] @16-08-2021 06:24:59.0814 AM
[ReportManager] Initial URL: [data:,] @16-08-2021 06:24:59.0905 AM
[ReportManager] Browser Action [NavigateToURL] successfully performed. With the following test data [https://the-internet.herokuapp.com/]. @16-08-2021 06:25:00.0481 A

################################################################################################################################################
Starting Execution:	[3 out of 5] test cases in the current suite
Test Method:		[tests.gui.task.TestHerokuapp.testDynamicLoading]
Test Description:	[TC003 - Check dynamic loading Example2]
################################################################################################################################################
[ReportManager] Element Action [Click] successfully performed. With the following test data [Dynamic Loading]. @16-08-2021 06:25:01.0282 AM
[ReportManager] Element Action [Click] successfully performed. With the following test data [Example 2: Element rendered after the fact]. @16-08-2021 06:25:01.0871 AM
[ReportManager] Element Action [Click] successfully performed. With the following test data [Start]. @16-08-2021 06:25:02.0341 AM
[ReportManager] Waiting for element to be present; elementLocator [By.id: finish], numberOfTries[3], stateOfPresence[true]... @16-08-2021 06:25:02.0345 AM
[ReportManager] Element Action [WaitForElementToBePresent] successfully performed. With the following test data [waited for the element's state of presence to be (true). Element locator (By.id: finish)]. @16-08-2021 06:25:07.0540 AM
[ReportManager] Element Action [GetText] successfully performed. With the following test data [Hello World!]. @16-08-2021 06:25:07.0658 AM
[ReportManager] Assertion [ValidateEquals] PASSED. Expected [Hello World!] and Actual [Hello World!]. Comparison Type [CONTAINS]. Validation Type [POSITIVE]. @16-08-2021 06:25:07.0660 A
[ReportManager] Successfully created attachment [Selenium WebDriver Logs - server] @16-08-2021 06:25:07.0785 AM
[ReportManager] Successfully created attachment [Selenium WebDriver Logs - performance] @16-08-2021 06:25:07.0924 AM
[ReportManager] Successfully created attachment [Selenium WebDriver Logs - browser] @16-08-2021 06:25:07.0936 AM
[ReportManager] Successfully created attachment [Selenium WebDriver Logs - driver] @16-08-2021 06:25:08.0389 AM
[ReportManager] Browser Action [CloseCurrentWindow] successfully performed. @16-08-2021 06:25:08.0456 AM
[ReportManager] Successfully created attachment [Browser Action Test Data - CloseCurrentWindow - Actual Value] @16-08-2021 06:25:08.0457 A
[ReportManager] File Action [GetAbsolutePath] successfully performed. With the following test data [Relative Folder Path: "target/downloadedFiles/"]. @16-08-2021 06:25:08.0460 AM
[ReportManager] Attempting to run remotely on: [Linux-64], [GoogleChrome], [http://localhost:4444/wd/hub], Headless Execution. @16-08-2021 06:25:08.0462 AM
[ReportManager] Successfully Opened [GoogleChrome]. @16-08-2021 06:25:09.0163 AM
[ReportManager] Target URL: [https://the-internet.herokuapp.com/] @16-08-2021 06:25:09.0201 AM
[ReportManager] Initial URL: [data:,] @16-08-2021 06:25:09.0305 AM
[ReportManager] Browser Action [NavigateToURL] successfully performed. With the following test data [https://the-internet.herokuapp.com/]. @16-08-2021 06:25:09.0801 A

################################################################################################################################################
Starting Execution:	[4 out of 5] test cases in the current suite
Test Method:		[tests.gui.task.TestHerokuapp.testFileUpload]
Test Description:	[TC002 - Check file upload]
################################################################################################################################################
[ReportManager] Element Action [Click] successfully performed. With the following test data [File Upload]. @16-08-2021 06:25:10.0490 AM
[ReportManager] Element Action [TypeFileLocationForUpload] failed. With the following test data [C://Users//Mamdouh//git//Gui_Api_Automation/img.jpg]. @16-08-2021 06:25:10.0608 A
[ReportManager] Successfully created attachment [Selenium WebDriver Logs - server] @16-08-2021 06:25:10.0705 AM
[ReportManager] Successfully created attachment [Selenium WebDriver Logs - performance] @16-08-2021 06:25:10.0759 AM
[ReportManager] Successfully created attachment [Selenium WebDriver Logs - browser] @16-08-2021 06:25:10.0771 AM
[ReportManager] Successfully created attachment [Selenium WebDriver Logs - driver] @16-08-2021 06:25:10.0963 AM
[ReportManager] Browser Action [CloseCurrentWindow] successfully performed. @16-08-2021 06:25:11.0030 AM
[ReportManager] Successfully created attachment [Browser Action Test Data - CloseCurrentWindow - Actual Value] @16-08-2021 06:25:11.0031 A
[ReportManager] Successfully loaded the following test data file [src/test/resources/TestDataFiles/TestData.xlsx]. @16-08-2021 06:25:11.0104 AM
[ReportManager] Successfully created attachment [Test Data - Excel] @16-08-2021 06:25:11.0105 A
[ReportManager] File Action [GetAbsolutePath] successfully performed. With the following test data [Relative Folder Path: "target/downloadedFiles/"]. @16-08-2021 06:25:11.0106 AM
[ReportManager] Attempting to run remotely on: [Linux-64], [GoogleChrome], [http://localhost:4444/wd/hub], Headless Execution. @16-08-2021 06:25:11.0106 AM
[ReportManager] Successfully Opened [GoogleChrome]. @16-08-2021 06:25:11.0788 AM
[ReportManager] Target URL: [https://www.google.com/ncr], and after redirection: [https://www.google.com/] @16-08-2021 06:25:11.0823 AM
[ReportManager] Initial URL: [data:,] @16-08-2021 06:25:11.0878 AM
[ReportManager] Browser Action [NavigateToURL] successfully performed. With the following test data [https://www.google.com/ncr]. @16-08-2021 06:25:12.0818 A

################################################################################################################################################
Starting Execution:	[5 out of 5] test cases in the current suite
Test Method:		[tests.gui.task.TestSearchResults.seaerchForQueryAndAssertThirdResultText]
Test Description:	[TC001 - Check third search result text]
################################################################################################################################################
[ReportManager] Element Action [Type] successfully performed. With the following test data [selenium webdriver]. @16-08-2021 06:25:13.0642 AM
[ReportManager] Element Action [KeyPress] successfully performed. With the following test data [ENTER]. @16-08-2021 06:25:14.0626 AM
[ReportManager] Element Action [GetText] successfully performed. With the following test data [The Selenium Browser Automation Project :: Documentation ...]. @16-08-2021 06:25:14.0996 AM
[ReportManager] Assertion [ValidateEquals] FAILED. Expected [What is Selenium WebDriver?] and Actual [The Selenium Browser Automation Project :: Documentation ...]. Comparison Type [CONTAINS]. Validation Type [POSITIVE]. @16-08-2021 06:25:14.0997 A
[ReportManager] Successfully created attachment [Selenium WebDriver Logs - server] @16-08-2021 06:25:15.0633 AM
[ReportManager] Successfully created attachment [Selenium WebDriver Logs - performance] @16-08-2021 06:25:15.0897 AM
[ReportManager] Successfully created attachment [Selenium WebDriver Logs - driver] @16-08-2021 06:25:16.0228 AM
[ReportManager] Browser Action [CloseCurrentWindow] successfully performed. @16-08-2021 06:25:16.0302 AM
[ReportManager] Successfully created attachment [Browser Action Test Data - CloseCurrentWindow - Actual Value] @16-08-2021 06:25:16.0321 A

################################################################################################################################################
Test Closure Activities
################################################################################################################################################
[ReportManager] Successfully created attachment [SHAFT Engine Logs - Execution log] @16-08-2021 06:25:16.0378 AM

################################################################################################################################################
This test run was powered by SHAFT Engine Version: [SHAFT Engine v5.3.20210519]
SHAFT Engine is licensed under the MIT License: [https://github.com/MohabMohie/SHAFT_ENGINE/blob/master/LICENSE].
################################################################################################################################################