{
  "uid" : "11229b40a18fa89f",
  "name" : "TC001 - Check text is not empty ",
  "fullName" : "tests.api.task.CatFact.testCatFactResponse1",
  "historyId" : "74d6bfe7c73c66a492e12289e7ed776",
  "time" : {
    "start" : 1629095458735,
    "stop" : 1629095514188,
    "duration" : 55453
  },
  "description" : "Check that text in the response body is not empty in the random fact",
  "descriptionHtml" : "<p>Check that text in the response body is not empty in the random fact</p>\n",
  "status" : "failed",
  "statusMessage" : "API Action [PerformRequest] failed. With the following test data [Request Type: \"GET\" | Target Status Code: \"200\" | Service URL: \"https://cat-fact.herokuapp.com/facts?animal_type=cat,horse\" | Content Type: \"*/*\" | Response Time: \"55430ms\"].",
  "statusTrace" : "java.lang.AssertionError: API Action [PerformRequest] failed. With the following test data [Request Type: \"GET\" | Target Status Code: \"200\" | Service URL: \"https://cat-fact.herokuapp.com/facts?animal_type=cat,horse\" | Content Type: \"*/*\" | Response Time: \"55430ms\"].\n\tat org.testng.Assert.fail(Assert.java:99)\n\tat com.shaft.api.RestActions.failAction(RestActions.java:88)\n\tat com.shaft.api.RestActions.failAction(RestActions.java:407)\n\tat com.shaft.api.RestActions.performRequest(RestActions.java:1087)\n\tat com.shaft.api.RestActions.performRequest(RestActions.java:778)\n\tat tests.api.task.CatFact.testCatFactResponse1(CatFact.java:44)\n\tat java.base/jdk.internal.reflect.NativeMethodAccessorImpl.invoke0(Native Method)\n\tat java.base/jdk.internal.reflect.NativeMethodAccessorImpl.invoke(NativeMethodAccessorImpl.java:64)\n\tat java.base/jdk.internal.reflect.DelegatingMethodAccessorImpl.invoke(DelegatingMethodAccessorImpl.java:43)\n\tat java.base/java.lang.reflect.Method.invoke(Method.java:564)\n\tat org.testng.internal.MethodInvocationHelper.invokeMethod(MethodInvocationHelper.java:133)\n\tat org.testng.internal.TestInvoker.invokeMethod(TestInvoker.java:598)\n\tat org.testng.internal.TestInvoker.invokeTestMethod(TestInvoker.java:173)\n\tat org.testng.internal.MethodRunner.runInSequence(MethodRunner.java:46)\n\tat org.testng.internal.TestInvoker$MethodInvocationAgent.invoke(TestInvoker.java:824)\n\tat org.testng.internal.TestInvoker.invokeTestMethods(TestInvoker.java:146)\n\tat org.testng.internal.TestMethodWorker.invokeTestMethods(TestMethodWorker.java:146)\n\tat org.testng.internal.TestMethodWorker.run(TestMethodWorker.java:128)\n\tat java.base/java.util.ArrayList.forEach(ArrayList.java:1511)\n\tat org.testng.TestRunner.privateRun(TestRunner.java:794)\n\tat org.testng.TestRunner.run(TestRunner.java:596)\n\tat org.testng.SuiteRunner.runTest(SuiteRunner.java:377)\n\tat org.testng.SuiteRunner.runSequentially(SuiteRunner.java:371)\n\tat org.testng.SuiteRunner.privateRun(SuiteRunner.java:332)\n\tat org.testng.SuiteRunner.run(SuiteRunner.java:276)\n\tat org.testng.SuiteRunnerWorker.runSuite(SuiteRunnerWorker.java:53)\n\tat org.testng.SuiteRunnerWorker.run(SuiteRunnerWorker.java:96)\n\tat org.testng.TestNG.runSuitesSequentially(TestNG.java:1212)\n\tat org.testng.TestNG.runSuitesLocally(TestNG.java:1134)\n\tat org.testng.TestNG.runSuites(TestNG.java:1063)\n\tat org.testng.TestNG.run(TestNG.java:1031)\n\tat org.apache.maven.surefire.testng.TestNGExecutor.run(TestNGExecutor.java:136)\n\tat org.apache.maven.surefire.testng.TestNGDirectoryTestSuite.executeMulti(TestNGDirectoryTestSuite.java:193)\n\tat org.apache.maven.surefire.testng.TestNGDirectoryTestSuite.execute(TestNGDirectoryTestSuite.java:94)\n\tat org.apache.maven.surefire.testng.TestNGProvider.invoke(TestNGProvider.java:145)\n\tat org.apache.maven.surefire.booter.ForkedBooter.runSuitesInProcess(ForkedBooter.java:428)\n\tat org.apache.maven.surefire.booter.ForkedBooter.execute(ForkedBooter.java:162)\n\tat org.apache.maven.surefire.booter.ForkedBooter.run(ForkedBooter.java:562)\n\tat org.apache.maven.surefire.booter.ForkedBooter.main(ForkedBooter.java:548)\n",
  "flaky" : false,
  "newFailed" : false,
  "beforeStages" : [ ],
  "testStage" : {
    "description" : "Check that text in the response body is not empty in the random fact",
    "status" : "failed",
    "statusMessage" : "API Action [PerformRequest] failed. With the following test data [Request Type: \"GET\" | Target Status Code: \"200\" | Service URL: \"https://cat-fact.herokuapp.com/facts?animal_type=cat,horse\" | Content Type: \"*/*\" | Response Time: \"55430ms\"].",
    "statusTrace" : "java.lang.AssertionError: API Action [PerformRequest] failed. With the following test data [Request Type: \"GET\" | Target Status Code: \"200\" | Service URL: \"https://cat-fact.herokuapp.com/facts?animal_type=cat,horse\" | Content Type: \"*/*\" | Response Time: \"55430ms\"].\n\tat org.testng.Assert.fail(Assert.java:99)\n\tat com.shaft.api.RestActions.failAction(RestActions.java:88)\n\tat com.shaft.api.RestActions.failAction(RestActions.java:407)\n\tat com.shaft.api.RestActions.performRequest(RestActions.java:1087)\n\tat com.shaft.api.RestActions.performRequest(RestActions.java:778)\n\tat tests.api.task.CatFact.testCatFactResponse1(CatFact.java:44)\n\tat java.base/jdk.internal.reflect.NativeMethodAccessorImpl.invoke0(Native Method)\n\tat java.base/jdk.internal.reflect.NativeMethodAccessorImpl.invoke(NativeMethodAccessorImpl.java:64)\n\tat java.base/jdk.internal.reflect.DelegatingMethodAccessorImpl.invoke(DelegatingMethodAccessorImpl.java:43)\n\tat java.base/java.lang.reflect.Method.invoke(Method.java:564)\n\tat org.testng.internal.MethodInvocationHelper.invokeMethod(MethodInvocationHelper.java:133)\n\tat org.testng.internal.TestInvoker.invokeMethod(TestInvoker.java:598)\n\tat org.testng.internal.TestInvoker.invokeTestMethod(TestInvoker.java:173)\n\tat org.testng.internal.MethodRunner.runInSequence(MethodRunner.java:46)\n\tat org.testng.internal.TestInvoker$MethodInvocationAgent.invoke(TestInvoker.java:824)\n\tat org.testng.internal.TestInvoker.invokeTestMethods(TestInvoker.java:146)\n\tat org.testng.internal.TestMethodWorker.invokeTestMethods(TestMethodWorker.java:146)\n\tat org.testng.internal.TestMethodWorker.run(TestMethodWorker.java:128)\n\tat java.base/java.util.ArrayList.forEach(ArrayList.java:1511)\n\tat org.testng.TestRunner.privateRun(TestRunner.java:794)\n\tat org.testng.TestRunner.run(TestRunner.java:596)\n\tat org.testng.SuiteRunner.runTest(SuiteRunner.java:377)\n\tat org.testng.SuiteRunner.runSequentially(SuiteRunner.java:371)\n\tat org.testng.SuiteRunner.privateRun(SuiteRunner.java:332)\n\tat org.testng.SuiteRunner.run(SuiteRunner.java:276)\n\tat org.testng.SuiteRunnerWorker.runSuite(SuiteRunnerWorker.java:53)\n\tat org.testng.SuiteRunnerWorker.run(SuiteRunnerWorker.java:96)\n\tat org.testng.TestNG.runSuitesSequentially(TestNG.java:1212)\n\tat org.testng.TestNG.runSuitesLocally(TestNG.java:1134)\n\tat org.testng.TestNG.runSuites(TestNG.java:1063)\n\tat org.testng.TestNG.run(TestNG.java:1031)\n\tat org.apache.maven.surefire.testng.TestNGExecutor.run(TestNGExecutor.java:136)\n\tat org.apache.maven.surefire.testng.TestNGDirectoryTestSuite.executeMulti(TestNGDirectoryTestSuite.java:193)\n\tat org.apache.maven.surefire.testng.TestNGDirectoryTestSuite.execute(TestNGDirectoryTestSuite.java:94)\n\tat org.apache.maven.surefire.testng.TestNGProvider.invoke(TestNGProvider.java:145)\n\tat org.apache.maven.surefire.booter.ForkedBooter.runSuitesInProcess(ForkedBooter.java:428)\n\tat org.apache.maven.surefire.booter.ForkedBooter.execute(ForkedBooter.java:162)\n\tat org.apache.maven.surefire.booter.ForkedBooter.run(ForkedBooter.java:562)\n\tat org.apache.maven.surefire.booter.ForkedBooter.main(ForkedBooter.java:548)\n",
    "steps" : [ {
      "name" : "Assertion Failed: Evaluating the actual response status code against the expected one...",
      "time" : {
        "start" : 1629095514172,
        "stop" : 1629095514173,
        "duration" : 1
      },
      "status" : "passed",
      "steps" : [ ],
      "attachments" : [ ],
      "parameters" : [ {
        "name" : "actionCounter",
        "value" : "4"
      }, {
        "name" : "customLog",
        "value" : "Assertion Failed: Evaluating the actual response status code against the expected one..."
      }, {
        "name" : "stepLog",
        "value" : "Assertion [ValidateEquals] FAILED. Expected [200] and Actual [503]. Comparison Type [EQUALS]. Validation Type [POSITIVE]."
      }, {
        "name" : "attachments",
        "value" : "null"
      } ],
      "stepsCount" : 0,
      "attachmentsCount" : 0,
      "shouldDisplayMessage" : false,
      "hasContent" : true
    }, {
      "name" : "API Action [PerformRequest] failed. With the following test data [Request Type: \"GET\" | Target Status Code: \"200\" | Service URL: \"https://cat-fact.herokuapp.com/facts?animal_type=cat,horse\" | Content Type: \"*/*\" | Response Time: \"55430ms\"].",
      "time" : {
        "start" : 1629095514175,
        "stop" : 1629095514176,
        "duration" : 1
      },
      "status" : "passed",
      "steps" : [ ],
      "attachments" : [ {
        "uid" : "3513182e83abe5d9",
        "name" : "Attachment: API Response - Body",
        "source" : "3513182e83abe5d9.html",
        "type" : "text/html",
        "size" : 506
      } ],
      "parameters" : [ {
        "name" : "actionCounter",
        "value" : "5"
      }, {
        "name" : "logText",
        "value" : "API Action [PerformRequest] failed. With the following test data [Request Type: \"GET\" | Target Status Code: \"200\" | Service URL: \"https://cat-fact.herokuapp.com/facts?animal_type=cat,horse\" | Content Type: \"*/*\" | Response Time: \"55430ms\"]."
      }, {
        "name" : "attachments",
        "value" : "[null, [API Response, Body, java.io.ByteArrayInputStream@6892d403]]"
      } ],
      "stepsCount" : 0,
      "attachmentsCount" : 1,
      "shouldDisplayMessage" : false,
      "hasContent" : true
    } ],
    "attachments" : [ {
      "uid" : "99d839780952aeb3",
      "name" : "Attachment: SHAFT Engine Logs - Current Method log: testCatFactResponse1",
      "source" : "99d839780952aeb3.txt",
      "type" : "text/plain",
      "size" : 1275
    } ],
    "parameters" : [ ],
    "stepsCount" : 2,
    "attachmentsCount" : 2,
    "shouldDisplayMessage" : true,
    "hasContent" : true
  },
  "afterStages" : [ {
    "name" : "closureActivities",
    "time" : {
      "start" : 1629095534422,
      "stop" : 1629095534905,
      "duration" : 483
    },
    "description" : "",
    "status" : "passed",
    "steps" : [ {
      "name" : "Successfully Closed All Drivers.",
      "time" : {
        "start" : 1629095534422,
        "stop" : 1629095534422,
        "duration" : 0
      },
      "status" : "passed",
      "steps" : [ ],
      "attachments" : [ ],
      "parameters" : [ {
        "name" : "actionCounter",
        "value" : "32"
      }, {
        "name" : "logText",
        "value" : "Successfully Closed All Drivers."
      } ],
      "stepsCount" : 0,
      "attachmentsCount" : 0,
      "shouldDisplayMessage" : false,
      "hasContent" : true
    }, {
      "name" : "Issue Summary: Total Issues = 4, New issues for Failed Tests = 4, Open issues for Passed Tests = 0, Open issues for Failed Tests = 0. Kindly check the attached Issue details.",
      "time" : {
        "start" : 1629095534430,
        "stop" : 1629095534431,
        "duration" : 1
      },
      "status" : "passed",
      "steps" : [ ],
      "attachments" : [ {
        "uid" : "9f770934637425f8",
        "name" : "Attachment: SHAFT Engine Logs - Issues log CSV: 20210816-063214",
        "source" : "9f770934637425f8.csv",
        "type" : "text/csv",
        "size" : 507
      } ],
      "parameters" : [ {
        "name" : "actionCounter",
        "value" : "33"
      }, {
        "name" : "logText",
        "value" : "Issue Summary: Total Issues = 4, New issues for Failed Tests = 4, Open issues for Passed Tests = 0, Open issues for Failed Tests = 0. Kindly check the attached Issue details."
      }, {
        "name" : "attachments",
        "value" : "[[SHAFT Engine Logs, Issues log CSV: 20210816-063214, java.io.ByteArrayInputStream@3a8dd899]]"
      } ],
      "stepsCount" : 0,
      "attachmentsCount" : 1,
      "shouldDisplayMessage" : false,
      "hasContent" : true
    } ],
    "attachments" : [ {
      "uid" : "ac342fc3b7f44d6d",
      "name" : "Attachment: SHAFT Engine Logs - Execution log: 20210816-063214",
      "source" : "ac342fc3b7f44d6d.txt",
      "type" : "text/plain",
      "size" : 12156
    }, {
      "uid" : "384d33149fabf6e6",
      "name" : "Attachment: HTML - Extent Emailable Execution Report",
      "source" : "384d33149fabf6e6.html",
      "type" : "text/html",
      "size" : 38081
    } ],
    "parameters" : [ ],
    "stepsCount" : 2,
    "attachmentsCount" : 3,
    "shouldDisplayMessage" : false,
    "hasContent" : true
  } ],
  "labels" : [ {
    "name" : "package",
    "value" : "tests.api.task.CatFact"
  }, {
    "name" : "testClass",
    "value" : "tests.api.task.CatFact"
  }, {
    "name" : "testMethod",
    "value" : "testCatFactResponse1"
  }, {
    "name" : "parentSuite",
    "value" : "SHAFT: Custom Suite"
  }, {
    "name" : "suite",
    "value" : "SHAFT: Custom Test"
  }, {
    "name" : "subSuite",
    "value" : "tests.api.task.CatFact"
  }, {
    "name" : "host",
    "value" : "fv-az77-600"
  }, {
    "name" : "thread",
    "value" : "3867@fv-az77-600.main(1)"
  }, {
    "name" : "framework",
    "value" : "testng"
  }, {
    "name" : "language",
    "value" : "java"
  }, {
    "name" : "severity",
    "value" : "normal"
  }, {
    "name" : "resultFormat",
    "value" : "allure2"
  } ],
  "parameters" : [ ],
  "links" : [ ],
  "hidden" : false,
  "retry" : false,
  "extra" : {
    "severity" : "normal",
    "retries" : [ ],
    "categories" : [ {
      "name" : "Product defects",
      "matchedStatuses" : [ ],
      "flaky" : false
    } ],
    "history" : {
      "statistic" : {
        "failed" : 3,
        "broken" : 0,
        "skipped" : 0,
        "passed" : 5,
        "unknown" : 0,
        "total" : 8
      },
      "items" : [ {
        "uid" : "4ef00d8f9732c6a9",
        "reportUrl" : "https://MamdouhMansour.github.io/Gui_Api_Automation/allure/14//#testresult/4ef00d8f9732c6a9",
        "status" : "failed",
        "statusDetails" : "API Action [PerformRequest] failed. With the following test data [Request Type: \"GET\" | Target Status Code: \"200\" | Service URL: \"https://cat-fact.herokuapp.com/facts?animal_type=cat,horse\" | Content Type: \"*/*\" | Response Time: \"55121ms\"].",
        "time" : {
          "start" : 1629095042016,
          "stop" : 1629095097162,
          "duration" : 55146
        }
      }, {
        "uid" : "20b17c4517d930dd",
        "reportUrl" : "https://MamdouhMansour.github.io/Gui_Api_Automation/allure/13//#testresult/20b17c4517d930dd",
        "status" : "failed",
        "statusDetails" : "API Action [PerformRequest] failed. With the following test data [Request Type: \"GET\" | Target Status Code: \"200\" | Service URL: \"https://cat-fact.herokuapp.com/facts?animal_type=cat,horse\" | Content Type: \"*/*\" | Response Time: \"55410ms\"].",
        "time" : {
          "start" : 1629089923006,
          "stop" : 1629089978430,
          "duration" : 55424
        }
      }, {
        "uid" : "2f93546d459de31e",
        "reportUrl" : "https://MamdouhMansour.github.io/Gui_Api_Automation/allure/10//#testresult/2f93546d459de31e",
        "status" : "passed",
        "time" : {
          "start" : 1629036915825,
          "stop" : 1629036916485,
          "duration" : 660
        }
      }, {
        "uid" : "5298a4cd5b1b7444",
        "reportUrl" : "https://MamdouhMansour.github.io/Gui_Api_Automation/allure/9//#testresult/5298a4cd5b1b7444",
        "status" : "passed",
        "time" : {
          "start" : 1628992820872,
          "stop" : 1628992821634,
          "duration" : 762
        }
      }, {
        "uid" : "c08cd04d8d2ab047",
        "reportUrl" : "https://MamdouhMansour.github.io/Gui_Api_Automation/allure/8//#testresult/c08cd04d8d2ab047",
        "status" : "passed",
        "time" : {
          "start" : 1628992376546,
          "stop" : 1628992377175,
          "duration" : 629
        }
      }, {
        "uid" : "92af2571e156702d",
        "reportUrl" : "https://MamdouhMansour.github.io/Gui_Api_Automation/allure/7//#testresult/92af2571e156702d",
        "status" : "passed",
        "time" : {
          "start" : 1628990911649,
          "stop" : 1628990912264,
          "duration" : 615
        }
      }, {
        "uid" : "e06a4bea11608958",
        "reportUrl" : "https://MamdouhMansour.github.io/Gui_Api_Automation/allure/6//#testresult/e06a4bea11608958",
        "status" : "passed",
        "time" : {
          "start" : 1628990376591,
          "stop" : 1628990377217,
          "duration" : 626
        }
      } ]
    },
    "tags" : [ ]
  },
  "source" : "11229b40a18fa89f.json",
  "parameterValues" : [ ]
}