{
  "uid" : "b86833dc6f093047",
  "name" : "TC001 - Check text is not empty ",
  "fullName" : "tests.api.task.CatFact.testCatFactResponse",
  "historyId" : "c4f33b1c46064dd740e77e68e002be02",
  "time" : {
    "start" : 1629095400625,
    "stop" : 1629095458641,
    "duration" : 58016
  },
  "description" : "Check that text in the response body is not empty in the random fact",
  "descriptionHtml" : "<p>Check that text in the response body is not empty in the random fact</p>\n",
  "status" : "failed",
  "statusMessage" : "API Action [PerformRequest] failed. With the following test data [Request Type: \"GET\" | Target Status Code: \"200\" | Service URL: \"https://cat-fact.herokuapp.com/facts/random?amount=1\" | Content Type: \"*/*\" | Response Time: \"56334ms\"].",
  "statusTrace" : "java.lang.AssertionError: API Action [PerformRequest] failed. With the following test data [Request Type: \"GET\" | Target Status Code: \"200\" | Service URL: \"https://cat-fact.herokuapp.com/facts/random?amount=1\" | Content Type: \"*/*\" | Response Time: \"56334ms\"].\n\tat org.testng.Assert.fail(Assert.java:99)\n\tat com.shaft.api.RestActions.failAction(RestActions.java:88)\n\tat com.shaft.api.RestActions.failAction(RestActions.java:407)\n\tat com.shaft.api.RestActions.performRequest(RestActions.java:1087)\n\tat com.shaft.api.RestActions.performRequest(RestActions.java:778)\n\tat tests.api.task.CatFact.testCatFactResponse(CatFact.java:27)\n\tat java.base/jdk.internal.reflect.NativeMethodAccessorImpl.invoke0(Native Method)\n\tat java.base/jdk.internal.reflect.NativeMethodAccessorImpl.invoke(NativeMethodAccessorImpl.java:64)\n\tat java.base/jdk.internal.reflect.DelegatingMethodAccessorImpl.invoke(DelegatingMethodAccessorImpl.java:43)\n\tat java.base/java.lang.reflect.Method.invoke(Method.java:564)\n\tat org.testng.internal.MethodInvocationHelper.invokeMethod(MethodInvocationHelper.java:133)\n\tat org.testng.internal.TestInvoker.invokeMethod(TestInvoker.java:598)\n\tat org.testng.internal.TestInvoker.invokeTestMethod(TestInvoker.java:173)\n\tat org.testng.internal.MethodRunner.runInSequence(MethodRunner.java:46)\n\tat org.testng.internal.TestInvoker$MethodInvocationAgent.invoke(TestInvoker.java:824)\n\tat org.testng.internal.TestInvoker.invokeTestMethods(TestInvoker.java:146)\n\tat org.testng.internal.TestMethodWorker.invokeTestMethods(TestMethodWorker.java:146)\n\tat org.testng.internal.TestMethodWorker.run(TestMethodWorker.java:128)\n\tat java.base/java.util.ArrayList.forEach(ArrayList.java:1511)\n\tat org.testng.TestRunner.privateRun(TestRunner.java:794)\n\tat org.testng.TestRunner.run(TestRunner.java:596)\n\tat org.testng.SuiteRunner.runTest(SuiteRunner.java:377)\n\tat org.testng.SuiteRunner.runSequentially(SuiteRunner.java:371)\n\tat org.testng.SuiteRunner.privateRun(SuiteRunner.java:332)\n\tat org.testng.SuiteRunner.run(SuiteRunner.java:276)\n\tat org.testng.SuiteRunnerWorker.runSuite(SuiteRunnerWorker.java:53)\n\tat org.testng.SuiteRunnerWorker.run(SuiteRunnerWorker.java:96)\n\tat org.testng.TestNG.runSuitesSequentially(TestNG.java:1212)\n\tat org.testng.TestNG.runSuitesLocally(TestNG.java:1134)\n\tat org.testng.TestNG.runSuites(TestNG.java:1063)\n\tat org.testng.TestNG.run(TestNG.java:1031)\n\tat org.apache.maven.surefire.testng.TestNGExecutor.run(TestNGExecutor.java:136)\n\tat org.apache.maven.surefire.testng.TestNGDirectoryTestSuite.executeMulti(TestNGDirectoryTestSuite.java:193)\n\tat org.apache.maven.surefire.testng.TestNGDirectoryTestSuite.execute(TestNGDirectoryTestSuite.java:94)\n\tat org.apache.maven.surefire.testng.TestNGProvider.invoke(TestNGProvider.java:145)\n\tat org.apache.maven.surefire.booter.ForkedBooter.runSuitesInProcess(ForkedBooter.java:428)\n\tat org.apache.maven.surefire.booter.ForkedBooter.execute(ForkedBooter.java:162)\n\tat org.apache.maven.surefire.booter.ForkedBooter.run(ForkedBooter.java:562)\n\tat org.apache.maven.surefire.booter.ForkedBooter.main(ForkedBooter.java:548)\n",
  "flaky" : false,
  "newFailed" : false,
  "beforeStages" : [ ],
  "testStage" : {
    "description" : "Check that text in the response body is not empty in the random fact",
    "status" : "failed",
    "statusMessage" : "API Action [PerformRequest] failed. With the following test data [Request Type: \"GET\" | Target Status Code: \"200\" | Service URL: \"https://cat-fact.herokuapp.com/facts/random?amount=1\" | Content Type: \"*/*\" | Response Time: \"56334ms\"].",
    "statusTrace" : "java.lang.AssertionError: API Action [PerformRequest] failed. With the following test data [Request Type: \"GET\" | Target Status Code: \"200\" | Service URL: \"https://cat-fact.herokuapp.com/facts/random?amount=1\" | Content Type: \"*/*\" | Response Time: \"56334ms\"].\n\tat org.testng.Assert.fail(Assert.java:99)\n\tat com.shaft.api.RestActions.failAction(RestActions.java:88)\n\tat com.shaft.api.RestActions.failAction(RestActions.java:407)\n\tat com.shaft.api.RestActions.performRequest(RestActions.java:1087)\n\tat com.shaft.api.RestActions.performRequest(RestActions.java:778)\n\tat tests.api.task.CatFact.testCatFactResponse(CatFact.java:27)\n\tat java.base/jdk.internal.reflect.NativeMethodAccessorImpl.invoke0(Native Method)\n\tat java.base/jdk.internal.reflect.NativeMethodAccessorImpl.invoke(NativeMethodAccessorImpl.java:64)\n\tat java.base/jdk.internal.reflect.DelegatingMethodAccessorImpl.invoke(DelegatingMethodAccessorImpl.java:43)\n\tat java.base/java.lang.reflect.Method.invoke(Method.java:564)\n\tat org.testng.internal.MethodInvocationHelper.invokeMethod(MethodInvocationHelper.java:133)\n\tat org.testng.internal.TestInvoker.invokeMethod(TestInvoker.java:598)\n\tat org.testng.internal.TestInvoker.invokeTestMethod(TestInvoker.java:173)\n\tat org.testng.internal.MethodRunner.runInSequence(MethodRunner.java:46)\n\tat org.testng.internal.TestInvoker$MethodInvocationAgent.invoke(TestInvoker.java:824)\n\tat org.testng.internal.TestInvoker.invokeTestMethods(TestInvoker.java:146)\n\tat org.testng.internal.TestMethodWorker.invokeTestMethods(TestMethodWorker.java:146)\n\tat org.testng.internal.TestMethodWorker.run(TestMethodWorker.java:128)\n\tat java.base/java.util.ArrayList.forEach(ArrayList.java:1511)\n\tat org.testng.TestRunner.privateRun(TestRunner.java:794)\n\tat org.testng.TestRunner.run(TestRunner.java:596)\n\tat org.testng.SuiteRunner.runTest(SuiteRunner.java:377)\n\tat org.testng.SuiteRunner.runSequentially(SuiteRunner.java:371)\n\tat org.testng.SuiteRunner.privateRun(SuiteRunner.java:332)\n\tat org.testng.SuiteRunner.run(SuiteRunner.java:276)\n\tat org.testng.SuiteRunnerWorker.runSuite(SuiteRunnerWorker.java:53)\n\tat org.testng.SuiteRunnerWorker.run(SuiteRunnerWorker.java:96)\n\tat org.testng.TestNG.runSuitesSequentially(TestNG.java:1212)\n\tat org.testng.TestNG.runSuitesLocally(TestNG.java:1134)\n\tat org.testng.TestNG.runSuites(TestNG.java:1063)\n\tat org.testng.TestNG.run(TestNG.java:1031)\n\tat org.apache.maven.surefire.testng.TestNGExecutor.run(TestNGExecutor.java:136)\n\tat org.apache.maven.surefire.testng.TestNGDirectoryTestSuite.executeMulti(TestNGDirectoryTestSuite.java:193)\n\tat org.apache.maven.surefire.testng.TestNGDirectoryTestSuite.execute(TestNGDirectoryTestSuite.java:94)\n\tat org.apache.maven.surefire.testng.TestNGProvider.invoke(TestNGProvider.java:145)\n\tat org.apache.maven.surefire.booter.ForkedBooter.runSuitesInProcess(ForkedBooter.java:428)\n\tat org.apache.maven.surefire.booter.ForkedBooter.execute(ForkedBooter.java:162)\n\tat org.apache.maven.surefire.booter.ForkedBooter.run(ForkedBooter.java:562)\n\tat org.apache.maven.surefire.booter.ForkedBooter.main(ForkedBooter.java:548)\n",
    "steps" : [ {
      "name" : "Assertion Failed: Evaluating the actual response status code against the expected one...",
      "time" : {
        "start" : 1629095458494,
        "stop" : 1629095458500,
        "duration" : 6
      },
      "status" : "passed",
      "steps" : [ ],
      "attachments" : [ ],
      "parameters" : [ {
        "name" : "actionCounter",
        "value" : "2"
      }, {
        "name" : "customLog",
        "value" : "Assertion Failed: Evaluating the actual response status code against the expected one..."
      }, {
        "name" : "stepLog",
        "value" : "Assertion [ValidateEquals] FAILED. Expected [200] and Actual [503]. Comparison Type [EQUALS]. Validation Type [POSITIVE]."
      }, {
        "name" : "attachments",
        "value" : "null"
      } ],
      "stepsCount" : 0,
      "attachmentsCount" : 0,
      "shouldDisplayMessage" : false,
      "hasContent" : true
    }, {
      "name" : "API Action [PerformRequest] failed. With the following test data [Request Type: \"GET\" | Target Status Code: \"200\" | Service URL: \"https://cat-fact.herokuapp.com/facts/random?amount=1\" | Content Type: \"*/*\" | Response Time: \"56334ms\"].",
      "time" : {
        "start" : 1629095458608,
        "stop" : 1629095458610,
        "duration" : 2
      },
      "status" : "passed",
      "steps" : [ ],
      "attachments" : [ {
        "uid" : "37371e7fffe86535",
        "name" : "Attachment: API Response - Body",
        "source" : "37371e7fffe86535.html",
        "type" : "text/html",
        "size" : 506
      } ],
      "parameters" : [ {
        "name" : "actionCounter",
        "value" : "3"
      }, {
        "name" : "logText",
        "value" : "API Action [PerformRequest] failed. With the following test data [Request Type: \"GET\" | Target Status Code: \"200\" | Service URL: \"https://cat-fact.herokuapp.com/facts/random?amount=1\" | Content Type: \"*/*\" | Response Time: \"56334ms\"]."
      }, {
        "name" : "attachments",
        "value" : "[null, [API Response, Body, java.io.ByteArrayInputStream@1f3dafd4]]"
      } ],
      "stepsCount" : 0,
      "attachmentsCount" : 1,
      "shouldDisplayMessage" : false,
      "hasContent" : true
    } ],
    "attachments" : [ {
      "uid" : "bd793aa77969359b",
      "name" : "Attachment: SHAFT Engine Logs - Current Method log: testCatFactResponse",
      "source" : "bd793aa77969359b.txt",
      "type" : "text/plain",
      "size" : 1268
    } ],
    "parameters" : [ ],
    "stepsCount" : 2,
    "attachmentsCount" : 2,
    "shouldDisplayMessage" : true,
    "hasContent" : true
  },
  "afterStages" : [ {
    "name" : "closureActivities",
    "time" : {
      "start" : 1629095534422,
      "stop" : 1629095534905,
      "duration" : 483
    },
    "description" : "",
    "status" : "passed",
    "steps" : [ {
      "name" : "Successfully Closed All Drivers.",
      "time" : {
        "start" : 1629095534422,
        "stop" : 1629095534422,
        "duration" : 0
      },
      "status" : "passed",
      "steps" : [ ],
      "attachments" : [ ],
      "parameters" : [ {
        "name" : "actionCounter",
        "value" : "32"
      }, {
        "name" : "logText",
        "value" : "Successfully Closed All Drivers."
      } ],
      "stepsCount" : 0,
      "attachmentsCount" : 0,
      "shouldDisplayMessage" : false,
      "hasContent" : true
    }, {
      "name" : "Issue Summary: Total Issues = 4, New issues for Failed Tests = 4, Open issues for Passed Tests = 0, Open issues for Failed Tests = 0. Kindly check the attached Issue details.",
      "time" : {
        "start" : 1629095534430,
        "stop" : 1629095534431,
        "duration" : 1
      },
      "status" : "passed",
      "steps" : [ ],
      "attachments" : [ {
        "uid" : "9f770934637425f8",
        "name" : "Attachment: SHAFT Engine Logs - Issues log CSV: 20210816-063214",
        "source" : "9f770934637425f8.csv",
        "type" : "text/csv",
        "size" : 507
      } ],
      "parameters" : [ {
        "name" : "actionCounter",
        "value" : "33"
      }, {
        "name" : "logText",
        "value" : "Issue Summary: Total Issues = 4, New issues for Failed Tests = 4, Open issues for Passed Tests = 0, Open issues for Failed Tests = 0. Kindly check the attached Issue details."
      }, {
        "name" : "attachments",
        "value" : "[[SHAFT Engine Logs, Issues log CSV: 20210816-063214, java.io.ByteArrayInputStream@3a8dd899]]"
      } ],
      "stepsCount" : 0,
      "attachmentsCount" : 1,
      "shouldDisplayMessage" : false,
      "hasContent" : true
    } ],
    "attachments" : [ {
      "uid" : "ac342fc3b7f44d6d",
      "name" : "Attachment: SHAFT Engine Logs - Execution log: 20210816-063214",
      "source" : "ac342fc3b7f44d6d.txt",
      "type" : "text/plain",
      "size" : 12156
    }, {
      "uid" : "384d33149fabf6e6",
      "name" : "Attachment: HTML - Extent Emailable Execution Report",
      "source" : "384d33149fabf6e6.html",
      "type" : "text/html",
      "size" : 38081
    } ],
    "parameters" : [ ],
    "stepsCount" : 2,
    "attachmentsCount" : 3,
    "shouldDisplayMessage" : false,
    "hasContent" : true
  } ],
  "labels" : [ {
    "name" : "package",
    "value" : "tests.api.task.CatFact"
  }, {
    "name" : "testClass",
    "value" : "tests.api.task.CatFact"
  }, {
    "name" : "testMethod",
    "value" : "testCatFactResponse"
  }, {
    "name" : "parentSuite",
    "value" : "SHAFT: Custom Suite"
  }, {
    "name" : "suite",
    "value" : "SHAFT: Custom Test"
  }, {
    "name" : "subSuite",
    "value" : "tests.api.task.CatFact"
  }, {
    "name" : "host",
    "value" : "fv-az77-600"
  }, {
    "name" : "thread",
    "value" : "3867@fv-az77-600.main(1)"
  }, {
    "name" : "framework",
    "value" : "testng"
  }, {
    "name" : "language",
    "value" : "java"
  }, {
    "name" : "severity",
    "value" : "normal"
  }, {
    "name" : "resultFormat",
    "value" : "allure2"
  } ],
  "parameters" : [ ],
  "links" : [ ],
  "hidden" : false,
  "retry" : false,
  "extra" : {
    "severity" : "normal",
    "retries" : [ {
      "uid" : "4910cad909923994",
      "status" : "passed",
      "time" : {
        "start" : 1590208218950,
        "stop" : 1590208225417,
        "duration" : 6467
      }
    } ],
    "categories" : [ {
      "name" : "Product defects",
      "matchedStatuses" : [ ],
      "flaky" : false
    } ],
    "history" : {
      "statistic" : {
        "failed" : 3,
        "broken" : 0,
        "skipped" : 0,
        "passed" : 6,
        "unknown" : 0,
        "total" : 9
      },
      "items" : [ {
        "uid" : "c0a18bee88f52a05",
        "reportUrl" : "https://MamdouhMansour.github.io/Gui_Api_Automation/allure/14//#testresult/c0a18bee88f52a05",
        "status" : "failed",
        "statusDetails" : "API Action [PerformRequest] failed. With the following test data [Request Type: \"GET\" | Target Status Code: \"200\" | Service URL: \"https://cat-fact.herokuapp.com/facts/random?amount=1\" | Content Type: \"*/*\" | Response Time: \"55912ms\"].",
        "time" : {
          "start" : 1629094984265,
          "stop" : 1629095041903,
          "duration" : 57638
        }
      }, {
        "uid" : "1a9d85b2bc089b27",
        "reportUrl" : "https://MamdouhMansour.github.io/Gui_Api_Automation/allure/13//#testresult/1a9d85b2bc089b27",
        "status" : "failed",
        "statusDetails" : "API Action [PerformRequest] failed. With the following test data [Request Type: \"GET\" | Target Status Code: \"200\" | Service URL: \"https://cat-fact.herokuapp.com/facts/random?amount=1\" | Content Type: \"*/*\" | Response Time: \"56543ms\"].",
        "time" : {
          "start" : 1629089864029,
          "stop" : 1629089922894,
          "duration" : 58865
        }
      }, {
        "uid" : "21c1bd8e85b4aac0",
        "reportUrl" : "https://MamdouhMansour.github.io/Gui_Api_Automation/allure/12//#testresult/21c1bd8e85b4aac0",
        "status" : "passed",
        "time" : {
          "start" : 1590208218950,
          "stop" : 1590208225417,
          "duration" : 6467
        }
      }, {
        "uid" : "6fad4114db0b3a51",
        "reportUrl" : "https://MamdouhMansour.github.io/Gui_Api_Automation/allure/10//#testresult/6fad4114db0b3a51",
        "status" : "passed",
        "time" : {
          "start" : 1629036911372,
          "stop" : 1629036915747,
          "duration" : 4375
        }
      }, {
        "uid" : "eab1d1eddc042f52",
        "reportUrl" : "https://MamdouhMansour.github.io/Gui_Api_Automation/allure/9//#testresult/eab1d1eddc042f52",
        "status" : "passed",
        "time" : {
          "start" : 1628992816442,
          "stop" : 1628992820771,
          "duration" : 4329
        }
      }, {
        "uid" : "ecda6002ae78abe4",
        "reportUrl" : "https://MamdouhMansour.github.io/Gui_Api_Automation/allure/8//#testresult/ecda6002ae78abe4",
        "status" : "passed",
        "time" : {
          "start" : 1628992372091,
          "stop" : 1628992376436,
          "duration" : 4345
        }
      }, {
        "uid" : "9eedc2e2174ef52d",
        "reportUrl" : "https://MamdouhMansour.github.io/Gui_Api_Automation/allure/7//#testresult/9eedc2e2174ef52d",
        "status" : "passed",
        "time" : {
          "start" : 1628990907584,
          "stop" : 1628990911544,
          "duration" : 3960
        }
      }, {
        "uid" : "9f3e40eaca25cb1d",
        "reportUrl" : "https://MamdouhMansour.github.io/Gui_Api_Automation/allure/6//#testresult/9f3e40eaca25cb1d",
        "status" : "passed",
        "time" : {
          "start" : 1628990371324,
          "stop" : 1628990376466,
          "duration" : 5142
        }
      } ]
    },
    "tags" : [ ]
  },
  "source" : "b86833dc6f093047.json",
  "parameterValues" : [ ]
}